
0.760000
1.980000
4.190000
7.310000
12.640000
21.030000
29.070000
37.940000
48.270000
60.310000
73.820000
87.850000
112.340000
120.420000
155.070000
193.520000
248.760000
319.450000
369.670000
376.830000
393.770000
456.480000
494.050000

15.760000
5.840000
4.330000
7.640000
12.690000
17.060000
23.390000
30.610000
38.750000
47.830000
57.850000
68.980000
81.360000
94.790000
110.050000
126.810000
197.280000
253.860000
299.570000
329.960000
373.600000
417.150000
467.070000

0.700000
2.050000
4.330000
7.530000
11.740000
17.010000
23.410000
30.450000
38.470000
47.830000
57.980000
69.010000
81.200000
94.800000
109.880000
126.560000
197.940000
252.740000
291.760000
329.830000
374.920000
417.590000
468.560000

0.670000
2.050000
4.350000
7.550000
11.760000
17.130000
23.360000
30.470000
38.730000
47.670000
57.980000
69.030000
81.250000
94.690000
109.700000
126.350000
196.470000
253.250000
291.280000
330.530000
374.840000
418.370000
468.490000

0.680000
2.050000
4.330000
7.520000
11.820000
17.240000
23.280000
30.570000
38.660000
47.770000
57.980000
69.230000
81.520000
94.820000
109.830000
126.650000
196.690000
252.920000
292.480000
330.970000
376.060000
418.090000
469.370000

0.690000
2.050000
4.320000
7.570000
11.710000
17.160000
23.120000
30.430000
38.430000
47.480000
57.710000
68.660000
81.260000
94.650000
109.960000
126.930000
197.670000
254.510000
292.380000
331.910000
376.620000
418.860000
469.020000

0.670000
2.020000
4.300000
7.530000
11.750000
17.240000
23.450000
30.420000
38.790000
47.670000
58.030000
69.260000
81.360000
94.810000
110.250000
126.870000
197.380000
253.280000
292.400000
329.950000
373.920000
417.070000
466.200000

0.670000
2.010000
4.320000
7.510000
11.730000
16.830000
23.180000
30.280000
38.190000
47.480000
57.400000
68.800000
80.710000
94.130000
109.420000
126.200000
195.580000
253.110000
291.050000
329.870000
374.350000
417.010000
467.250000

0.680000
2.030000
4.320000
7.520000
11.720000
17.000000
23.260000
30.370000
38.450000
47.590000
57.710000
68.780000
81.170000
94.470000
109.880000
126.370000
196.570000
252.130000
290.880000
329.070000
374.760000
417.020000
467.730000

0.670000
2.030000
4.320000
7.570000
11.730000
17.120000
23.410000
30.290000
38.690000
47.840000
58.000000
69.020000
81.200000
94.760000
110.010000
126.690000
197.120000
253.760000
291.690000
331.110000
374.760000
418.000000
467.460000

0.680000
2.020000
4.320000
7.540000
11.710000
16.880000
23.490000
30.380000
38.400000
47.310000
57.610000
68.930000
81.040000
94.380000
109.520000
126.230000
196.030000
252.440000
291.250000
334.350000
