1.980000
5.170000
6.900000
10.210000
11.870000
14.390000
2.690000
4.400000
7.910000
10.420000
12.120000
15.490000
16.730000
20.330000
21.970000
25.980000
26.930000
30.780000
32.580000
36.930000
37.450000
41.710000
46.490000
47.250000
53.330000
52.040000
52.110000
57.820000
84.180000


2.740000
5.330000
13.450000
10.530000
19.850000
15.790000
25.500000
47.980000
28.340000
23.140000
29.840000
33.130000
34.350000
37.050000
39.640000
42.200000
42.060000
47.580000
50.160000
52.760000
55.470000
57.830000
56.590000


2.760000
5.400000
8.010000
10.630000
13.160000
15.970000
18.600000
21.310000
24.020000
26.570000
29.890000
33.180000
35.010000
37.130000
39.800000
38.110000
45.630000
47.850000
